<?xml version="1.0" encoding="UTF-8"?>
<!-- Generated by org.testng.reporters.JUnitReportReporter -->
<testsuite hostname="DESKTOP-SNQQ0D2" failures="0" tests="4" name="test.UserTest" time="16.160" errors="0" timestamp="2024-04-22T08:18:04 IST" skipped="0">
  <testcase classname="test.UserTest" name="testPostRequest" time="6.007"/>
  <testcase classname="test.UserTest" name="testGetRequest" time="1.846"/>
  <testcase classname="test.UserTest" name="testPutRequest" time="5.430"/>
  <testcase classname="test.UserTest" name="testDeleteRequest" time="2.877"/>
</testsuite> <!-- test.UserTest -->
